Using pre-set license
Built from '2020.2/release' branch; Version is '2020.2.2f1 (068178b99f32) revision 426360'; Using compiler version '192528614'; Build Type 'Release'
OS: 'Windows 10 Pro; OS build 18363.1500; Version 1909; 64bit' Language: 'en' Physical Memory: 32711 MB
BatchMode: 1, IsHumanControllingUs: 0, StartBugReporterOnCrash: 0, Is64bit: 1, IsPro: 0

 COMMAND LINE ARGUMENTS:
D:\Program Files\2020.2.2f1\Editor\Unity.exe
-adb2
-batchMode
-noUpm
-name
AssetImportWorker1
-projectPath
D:/Morga/Documents/Precision
-logFile
Logs/AssetImportWorker1.log
-srvPort
56508
Successfully changed project path to: D:/Morga/Documents/Precision
D:/Morga/Documents/Precision
Using Asset Import Pipeline V2.
Refreshing native plugins compatible for Editor in 29.86 ms, found 0 plugins.
Preloading 0 native plugins for Editor in 0.00 ms.
Initialize engine version: 2020.2.2f1 (068178b99f32)
[Subsystems] Discovering subsystems at path D:/Program Files/2020.2.2f1/Editor/Data/Resources/UnitySubsystems
[Subsystems] Discovering subsystems at path D:/Morga/Documents/Precision/Assets
GfxDevice: creating device client; threaded=0
Direct3D:
    Version:  Direct3D 11.0 [level 11.1]
    Renderer: NVIDIA GeForce GTX 1050 Ti (ID=0x1c82)
    Vendor:   
    VRAM:     4018 MB
    Driver:   27.21.14.6109
Initialize mono
Mono path[0] = 'D:/Program Files/2020.2.2f1/Editor/Data/Managed'
Mono path[1] = 'D:/Program Files/2020.2.2f1/Editor/Data/MonoBleedingEdge/lib/mono/unityjit'
Mono config path = 'D:/Program Files/2020.2.2f1/Editor/Data/MonoBleedingEdge/etc'
Using monoOptions --debugger-agent=transport=dt_socket,embedding=1,server=y,suspend=n,address=127.0.0.1:56800
Begin MonoManager ReloadAssembly
Registering precompiled unity dll's ...
Register platform support module: D:/Program Files/2020.2.2f1/Editor/Data/PlaybackEngines/WebGLSupport/UnityEditor.WebGL.Extensions.dll
Register platform support module: D:/Program Files/2020.2.2f1/Editor/Data/PlaybackEngines/WindowsStandaloneSupport/UnityEditor.WindowsStandalone.Extensions.dll
Registered in 0.007319 seconds.
Native extension for WindowsStandalone target not found
Native extension for WebGL target not found
Refreshing native plugins compatible for Editor in 27.13 ms, found 0 plugins.
Preloading 0 native plugins for Editor in 0.00 ms.
Invoked RoslynAnalysisRunner static constructor.
RoslynAnalysisRunner will not be running.
RoslynAnalysisRunner has terminated.
Mono: successfully reloaded assembly
- Completed reload, in  4.812 seconds
Platform modules already initialized, skipping
Registering precompiled user dll's ...
Registered in 0.001729 seconds.
Begin MonoManager ReloadAssembly
Native extension for WindowsStandalone target not found
Native extension for WebGL target not found
Refreshing native plugins compatible for Editor in 0.21 ms, found 0 plugins.
Preloading 0 native plugins for Editor in 0.00 ms.
Invoked RoslynAnalysisRunner static constructor.
RoslynAnalysisRunner will not be running.
RoslynAnalysisRunner has terminated.
Mono: successfully reloaded assembly
- Completed reload, in  1.031 seconds
Platform modules already initialized, skipping
========================================================================
Worker process is ready to serve import requests
Launched and connected shader compiler UnityShaderCompiler.exe after 0.11 seconds
Refreshing native plugins compatible for Editor in 0.21 ms, found 0 plugins.
Preloading 0 native plugins for Editor in 0.00 ms.
Unloading 1104 Unused Serialized files (Serialized files now loaded: 0)
System memory in use before: 57.5 MB.
System memory in use after: 57.6 MB.

Unloading 10 unused Assets to reduce memory usage. Loaded Objects now: 1546.
Total: 1.854500 ms (FindLiveObjects: 0.146800 ms CreateObjectMapping: 0.051100 ms MarkObjects: 1.447000 ms  DeleteObjects: 0.208400 ms)

========================================================================
Received Import Request.
  path: Assets/Prefab/Arrow (1).prefab
  artifactKey: Guid(d98c27d96d3c58043abd77469c6df763) Importer(815301076,1909f56bfc062723c751e8b465ee728b)
Start importing Assets/Prefab/Arrow (1).prefab using Guid(d98c27d96d3c58043abd77469c6df763) Importer(815301076,1909f56bfc062723c751e8b465ee728b)  -> (artifact id: '7b457f4e35faf77ecada472488350e04') in 0.154137 seconds
  Import took 0.156964 seconds .

========================================================================
Received Import Request.
  Time since last request: 1.578584 seconds.
  path: Assets/Prefab/Arrow (1).prefab
  artifactKey: Guid(d98c27d96d3c58043abd77469c6df763) Importer(815301076,1909f56bfc062723c751e8b465ee728b)
Start importing Assets/Prefab/Arrow (1).prefab using Guid(d98c27d96d3c58043abd77469c6df763) Importer(815301076,1909f56bfc062723c751e8b465ee728b)  -> (artifact id: 'e10d5f8c59a0819b217ddf1956852bc2') in 0.019941 seconds
  Import took 0.023099 seconds .

========================================================================
Received Import Request.
  Time since last request: 4.022598 seconds.
  path: Assets/Prefab/Arrow (1).prefab
  artifactKey: Guid(d98c27d96d3c58043abd77469c6df763) Importer(815301076,1909f56bfc062723c751e8b465ee728b)
Start importing Assets/Prefab/Arrow (1).prefab using Guid(d98c27d96d3c58043abd77469c6df763) Importer(815301076,1909f56bfc062723c751e8b465ee728b)  -> (artifact id: '7418b7ef2bc152b4527cdcdcc82239fa') in 0.018808 seconds
  Import took 0.021672 seconds .

========================================================================
Received Import Request.
  Time since last request: 7.439968 seconds.
  path: Assets/Prefab/Arrow (1).prefab
  artifactKey: Guid(d98c27d96d3c58043abd77469c6df763) Importer(815301076,1909f56bfc062723c751e8b465ee728b)
Start importing Assets/Prefab/Arrow (1).prefab using Guid(d98c27d96d3c58043abd77469c6df763) Importer(815301076,1909f56bfc062723c751e8b465ee728b)  -> (artifact id: '1c84f8a6ca551485185011aea10fc02d') in 0.033082 seconds
  Import took 0.036484 seconds .

========================================================================
Received Import Request.
  Time since last request: 2.392331 seconds.
  path: Assets/Prefab/Arrow (1).prefab
  artifactKey: Guid(d98c27d96d3c58043abd77469c6df763) Importer(815301076,1909f56bfc062723c751e8b465ee728b)
Start importing Assets/Prefab/Arrow (1).prefab using Guid(d98c27d96d3c58043abd77469c6df763) Importer(815301076,1909f56bfc062723c751e8b465ee728b)  -> (artifact id: 'cb596443827aed138f4186d6e897115d') in 0.018776 seconds
  Import took 0.022097 seconds .

========================================================================
Received Import Request.
  Time since last request: 7.229444 seconds.
  path: Assets/Prefab/Arrow (1).prefab
  artifactKey: Guid(d98c27d96d3c58043abd77469c6df763) Importer(815301076,1909f56bfc062723c751e8b465ee728b)
Start importing Assets/Prefab/Arrow (1).prefab using Guid(d98c27d96d3c58043abd77469c6df763) Importer(815301076,1909f56bfc062723c751e8b465ee728b)  -> (artifact id: '9c0fcb9309959682079845c0b8bcb7ce') in 0.059699 seconds
  Import took 0.084287 seconds .

========================================================================
Received Import Request.
  Time since last request: 171.695151 seconds.
  path: Assets/Assets/Arrow.fbx
  artifactKey: Guid(35fa8518be393b540847bdf31fd11006) Importer(815301076,1909f56bfc062723c751e8b465ee728b)
Start importing Assets/Assets/Arrow.fbx using Guid(35fa8518be393b540847bdf31fd11006) Importer(815301076,1909f56bfc062723c751e8b465ee728b)  -> (artifact id: '23ad7d166232fc949f8c8cd66ab8196e') in 0.105554 seconds
  Import took 0.114567 seconds .

========================================================================
Received Import Request.
  Time since last request: 0.001398 seconds.
  path: Assets/Assets/Arrow.obj
  artifactKey: Guid(e4fa74cb2f8667f41abfcb9db5ea24da) Importer(815301076,1909f56bfc062723c751e8b465ee728b)
Start importing Assets/Assets/Arrow.obj using Guid(e4fa74cb2f8667f41abfcb9db5ea24da) Importer(815301076,1909f56bfc062723c751e8b465ee728b)  -> (artifact id: '0cd151977d3e111e94e694e9b22694e3') in 0.050547 seconds
  Import took 0.053078 seconds .

========================================================================
Received Import Request.
  Time since last request: 65.007482 seconds.
  path: Assets/Assets/Arrow.fbx
  artifactKey: Guid(35fa8518be393b540847bdf31fd11006) Importer(815301076,1909f56bfc062723c751e8b465ee728b)
Start importing Assets/Assets/Arrow.fbx using Guid(35fa8518be393b540847bdf31fd11006) Importer(815301076,1909f56bfc062723c751e8b465ee728b)  -> (artifact id: '00b9ee1f1681393b63ac3e391451e4b9') in 0.025055 seconds
  Import took 0.028972 seconds .

========================================================================
Received Import Request.
  Time since last request: 114.959053 seconds.
  path: Assets/Prefab/Arrow.prefab
  artifactKey: Guid(917d0ccbd971db64f86ba2c92ea638dd) Importer(815301076,1909f56bfc062723c751e8b465ee728b)
Start importing Assets/Prefab/Arrow.prefab using Guid(917d0ccbd971db64f86ba2c92ea638dd) Importer(815301076,1909f56bfc062723c751e8b465ee728b)  -> (artifact id: '05ab4139c8baaf2a472c431c9e408e82') in 0.038115 seconds
  Import took 0.040723 seconds .

========================================================================
Received Import Request.
  Time since last request: 0.001094 seconds.
  path: Assets/Prefab/Arrow.prefab
  artifactKey: Guid(917d0ccbd971db64f86ba2c92ea638dd) Importer(815301076,1909f56bfc062723c751e8b465ee728b)
Start importing Assets/Prefab/Arrow.prefab using Guid(917d0ccbd971db64f86ba2c92ea638dd) Importer(815301076,1909f56bfc062723c751e8b465ee728b)  -> (artifact id: '05ab4139c8baaf2a472c431c9e408e82') in 0.031530 seconds
  Import took 0.034326 seconds .

========================================================================
Received Prepare
Registering precompiled user dll's ...
Registered in 0.001736 seconds.
Begin MonoManager ReloadAssembly
Native extension for WindowsStandalone target not found
Native extension for WebGL target not found
Refreshing native plugins compatible for Editor in 0.21 ms, found 0 plugins.
Preloading 0 native plugins for Editor in 0.00 ms.
Invoked RoslynAnalysisRunner static constructor.
RoslynAnalysisRunner will not be running.
RoslynAnalysisRunner has terminated.
Mono: successfully reloaded assembly
- Completed reload, in  0.906 seconds
Platform modules already initialized, skipping
Refreshing native plugins compatible for Editor in 0.22 ms, found 0 plugins.
Preloading 0 native plugins for Editor in 0.00 ms.
Unloading 1099 Unused Serialized files (Serialized files now loaded: 0)
System memory in use before: 61.4 MB.
System memory in use after: 61.5 MB.

Unloading 5 unused Assets to reduce memory usage. Loaded Objects now: 1591.
Total: 1.506900 ms (FindLiveObjects: 0.130000 ms CreateObjectMapping: 0.031800 ms MarkObjects: 1.298300 ms  DeleteObjects: 0.046000 ms)

========================================================================
Received Prepare
Registering precompiled user dll's ...
Registered in 0.001175 seconds.
Begin MonoManager ReloadAssembly
Native extension for WindowsStandalone target not found
Native extension for WebGL target not found
Refreshing native plugins compatible for Editor in 0.27 ms, found 0 plugins.
Preloading 0 native plugins for Editor in 0.00 ms.
Invoked RoslynAnalysisRunner static constructor.
RoslynAnalysisRunner will not be running.
RoslynAnalysisRunner has terminated.
Mono: successfully reloaded assembly
- Completed reload, in  0.973 seconds
Platform modules already initialized, skipping
Refreshing native plugins compatible for Editor in 0.21 ms, found 0 plugins.
Preloading 0 native plugins for Editor in 0.00 ms.
Unloading 1099 Unused Serialized files (Serialized files now loaded: 0)
System memory in use before: 61.7 MB.
System memory in use after: 61.8 MB.

Unloading 5 unused Assets to reduce memory usage. Loaded Objects now: 1593.
Total: 1.807000 ms (FindLiveObjects: 0.187900 ms CreateObjectMapping: 0.036400 ms MarkObjects: 1.505300 ms  DeleteObjects: 0.076400 ms)

========================================================================
Received Prepare
Registering precompiled user dll's ...
Registered in 0.001269 seconds.
Begin MonoManager ReloadAssembly
Native extension for WindowsStandalone target not found
Native extension for WebGL target not found
Refreshing native plugins compatible for Editor in 0.32 ms, found 0 plugins.
Preloading 0 native plugins for Editor in 0.00 ms.
Invoked RoslynAnalysisRunner static constructor.
RoslynAnalysisRunner will not be running.
RoslynAnalysisRunner has terminated.
Mono: successfully reloaded assembly
- Completed reload, in  0.937 seconds
Platform modules already initialized, skipping
Refreshing native plugins compatible for Editor in 0.21 ms, found 0 plugins.
Preloading 0 native plugins for Editor in 0.00 ms.
Unloading 1099 Unused Serialized files (Serialized files now loaded: 0)
System memory in use before: 62.1 MB.
System memory in use after: 62.2 MB.

Unloading 5 unused Assets to reduce memory usage. Loaded Objects now: 1595.
Total: 3.141300 ms (FindLiveObjects: 0.195300 ms CreateObjectMapping: 0.035700 ms MarkObjects: 2.828000 ms  DeleteObjects: 0.080400 ms)

========================================================================
Received Prepare
Registering precompiled user dll's ...
Registered in 0.001279 seconds.
Begin MonoManager ReloadAssembly
Native extension for WindowsStandalone target not found
Native extension for WebGL target not found
Refreshing native plugins compatible for Editor in 0.30 ms, found 0 plugins.
Preloading 0 native plugins for Editor in 0.00 ms.
Invoked RoslynAnalysisRunner static constructor.
RoslynAnalysisRunner will not be running.
RoslynAnalysisRunner has terminated.
Mono: successfully reloaded assembly
- Completed reload, in  0.939 seconds
Platform modules already initialized, skipping
Refreshing native plugins compatible for Editor in 0.24 ms, found 0 plugins.
Preloading 0 native plugins for Editor in 0.00 ms.
Unloading 1099 Unused Serialized files (Serialized files now loaded: 0)
System memory in use before: 62.5 MB.
System memory in use after: 62.6 MB.

Unloading 5 unused Assets to reduce memory usage. Loaded Objects now: 1597.
Total: 2.099000 ms (FindLiveObjects: 0.270900 ms CreateObjectMapping: 0.064600 ms MarkObjects: 1.676700 ms  DeleteObjects: 0.085300 ms)

========================================================================
Received Import Request.
  Time since last request: 252.035755 seconds.
  path: Assets/Prefab/Arrow.prefab
  artifactKey: Guid(917d0ccbd971db64f86ba2c92ea638dd) Importer(815301076,1909f56bfc062723c751e8b465ee728b)
Start importing Assets/Prefab/Arrow.prefab using Guid(917d0ccbd971db64f86ba2c92ea638dd) Importer(815301076,1909f56bfc062723c751e8b465ee728b)  -> (artifact id: 'b1f28c5ea73879e3f860c3cb2e507608') in 0.065441 seconds
  Import took 0.067963 seconds .

========================================================================
Received Import Request.
  Time since last request: 23.400022 seconds.
  path: Assets/Prefab/Arrow.prefab
  artifactKey: Guid(917d0ccbd971db64f86ba2c92ea638dd) Importer(815301076,1909f56bfc062723c751e8b465ee728b)
Start importing Assets/Prefab/Arrow.prefab using Guid(917d0ccbd971db64f86ba2c92ea638dd) Importer(815301076,1909f56bfc062723c751e8b465ee728b)  -> (artifact id: '0170c64761e57da2ef9a1bf3eabc6999') in 0.024597 seconds
  Import took 0.028601 seconds .

========================================================================
Received Import Request.
  Time since last request: 5.567989 seconds.
  path: Assets/Prefab/Arrow.prefab
  artifactKey: Guid(917d0ccbd971db64f86ba2c92ea638dd) Importer(815301076,1909f56bfc062723c751e8b465ee728b)
Start importing Assets/Prefab/Arrow.prefab using Guid(917d0ccbd971db64f86ba2c92ea638dd) Importer(815301076,1909f56bfc062723c751e8b465ee728b)  -> (artifact id: 'de024d8c08d0a2f6a72ec0b6189dc8b7') in 0.030242 seconds
  Import took 0.034003 seconds .

========================================================================
Received Import Request.
  Time since last request: 3.996618 seconds.
  path: Assets/Prefab/Arrow.prefab
  artifactKey: Guid(917d0ccbd971db64f86ba2c92ea638dd) Importer(815301076,1909f56bfc062723c751e8b465ee728b)
Start importing Assets/Prefab/Arrow.prefab using Guid(917d0ccbd971db64f86ba2c92ea638dd) Importer(815301076,1909f56bfc062723c751e8b465ee728b)  -> (artifact id: '1362dadd17cc5ce7bc21cd1194e8df39') in 0.022836 seconds
  Import took 0.025934 seconds .

========================================================================
Received Import Request.
  Time since last request: 2.394016 seconds.
  path: Assets/Prefab/Arrow.prefab
  artifactKey: Guid(917d0ccbd971db64f86ba2c92ea638dd) Importer(815301076,1909f56bfc062723c751e8b465ee728b)
Start importing Assets/Prefab/Arrow.prefab using Guid(917d0ccbd971db64f86ba2c92ea638dd) Importer(815301076,1909f56bfc062723c751e8b465ee728b)  -> (artifact id: '3057ce1cd752f1f1bdde434dc72c0ffe') in 0.016437 seconds
  Import took 0.019212 seconds .

========================================================================
Received Import Request.
  Time since last request: 1.189773 seconds.
  path: Assets/Prefab/Arrow.prefab
  artifactKey: Guid(917d0ccbd971db64f86ba2c92ea638dd) Importer(815301076,1909f56bfc062723c751e8b465ee728b)
Start importing Assets/Prefab/Arrow.prefab using Guid(917d0ccbd971db64f86ba2c92ea638dd) Importer(815301076,1909f56bfc062723c751e8b465ee728b)  -> (artifact id: 'f5be72ef9b02a698fbc9301aae8c5b1c') in 0.018264 seconds
  Import took 0.022077 seconds .

========================================================================
Received Prepare
Registering precompiled user dll's ...
Registered in 0.001220 seconds.
Begin MonoManager ReloadAssembly
Native extension for WindowsStandalone target not found
Native extension for WebGL target not found
Refreshing native plugins compatible for Editor in 0.25 ms, found 0 plugins.
Preloading 0 native plugins for Editor in 0.00 ms.
Invoked RoslynAnalysisRunner static constructor.
RoslynAnalysisRunner will not be running.
RoslynAnalysisRunner has terminated.
Mono: successfully reloaded assembly
- Completed reload, in  1.152 seconds
Platform modules already initialized, skipping
Refreshing native plugins compatible for Editor in 0.35 ms, found 0 plugins.
Preloading 0 native plugins for Editor in 0.00 ms.
Unloading 1099 Unused Serialized files (Serialized files now loaded: 0)
System memory in use before: 62.7 MB.
System memory in use after: 62.8 MB.

Unloading 5 unused Assets to reduce memory usage. Loaded Objects now: 1600.
Total: 2.193600 ms (FindLiveObjects: 0.178500 ms CreateObjectMapping: 0.060400 ms MarkObjects: 1.899000 ms  DeleteObjects: 0.053900 ms)

========================================================================
Received Prepare
Registering precompiled user dll's ...
Registered in 0.001238 seconds.
Begin MonoManager ReloadAssembly
Native extension for WindowsStandalone target not found
Native extension for WebGL target not found
Refreshing native plugins compatible for Editor in 0.21 ms, found 0 plugins.
Preloading 0 native plugins for Editor in 0.00 ms.
Invoked RoslynAnalysisRunner static constructor.
RoslynAnalysisRunner will not be running.
RoslynAnalysisRunner has terminated.
Mono: successfully reloaded assembly
- Completed reload, in  0.923 seconds
Platform modules already initialized, skipping
Refreshing native plugins compatible for Editor in 0.21 ms, found 0 plugins.
Preloading 0 native plugins for Editor in 0.00 ms.
Unloading 1099 Unused Serialized files (Serialized files now loaded: 0)
System memory in use before: 62.2 MB.
System memory in use after: 62.3 MB.

Unloading 5 unused Assets to reduce memory usage. Loaded Objects now: 1602.
Total: 1.765800 ms (FindLiveObjects: 0.141400 ms CreateObjectMapping: 0.040800 ms MarkObjects: 1.522800 ms  DeleteObjects: 0.059600 ms)

========================================================================
Received Prepare
Registering precompiled user dll's ...
Registered in 0.001816 seconds.
Begin MonoManager ReloadAssembly
Native extension for WindowsStandalone target not found
Native extension for WebGL target not found
Refreshing native plugins compatible for Editor in 0.22 ms, found 0 plugins.
Preloading 0 native plugins for Editor in 0.00 ms.
Invoked RoslynAnalysisRunner static constructor.
RoslynAnalysisRunner will not be running.
RoslynAnalysisRunner has terminated.
Mono: successfully reloaded assembly
- Completed reload, in  1.319 seconds
Platform modules already initialized, skipping
Refreshing native plugins compatible for Editor in 0.24 ms, found 0 plugins.
Preloading 0 native plugins for Editor in 0.00 ms.
Unloading 1099 Unused Serialized files (Serialized files now loaded: 0)
System memory in use before: 62.6 MB.
System memory in use after: 62.7 MB.

Unloading 5 unused Assets to reduce memory usage. Loaded Objects now: 1604.
Total: 3.035500 ms (FindLiveObjects: 0.161300 ms CreateObjectMapping: 0.036800 ms MarkObjects: 2.781500 ms  DeleteObjects: 0.054000 ms)

AssetImportWorkerClient::OnTransportError - code=2 error=End of file
