Using pre-set license
Built from '2020.2/release' branch; Version is '2020.2.2f1 (068178b99f32) revision 426360'; Using compiler version '192528614'; Build Type 'Release'
OS: 'Windows 10 Pro; OS build 18363.1440; Version 1909; 64bit' Language: 'en' Physical Memory: 32711 MB
BatchMode: 1, IsHumanControllingUs: 0, StartBugReporterOnCrash: 0, Is64bit: 1, IsPro: 0

 COMMAND LINE ARGUMENTS:
D:\Program Files\2020.2.2f1\Editor\Unity.exe
-adb2
-batchMode
-noUpm
-name
AssetImportWorker0
-projectPath
D:/Morga/Documents/Precision
-logFile
Logs/AssetImportWorker0.log
-srvPort
65312
Successfully changed project path to: D:/Morga/Documents/Precision
D:/Morga/Documents/Precision
Using Asset Import Pipeline V2.
Refreshing native plugins compatible for Editor in 31.90 ms, found 0 plugins.
Preloading 0 native plugins for Editor in 0.00 ms.
Initialize engine version: 2020.2.2f1 (068178b99f32)
[Subsystems] Discovering subsystems at path D:/Program Files/2020.2.2f1/Editor/Data/Resources/UnitySubsystems
[Subsystems] Discovering subsystems at path D:/Morga/Documents/Precision/Assets
GfxDevice: creating device client; threaded=0
Direct3D:
    Version:  Direct3D 11.0 [level 11.1]
    Renderer: NVIDIA GeForce GTX 1050 Ti (ID=0x1c82)
    Vendor:   
    VRAM:     4018 MB
    Driver:   27.21.14.6109
Initialize mono
Mono path[0] = 'D:/Program Files/2020.2.2f1/Editor/Data/Managed'
Mono path[1] = 'D:/Program Files/2020.2.2f1/Editor/Data/MonoBleedingEdge/lib/mono/unityjit'
Mono config path = 'D:/Program Files/2020.2.2f1/Editor/Data/MonoBleedingEdge/etc'
Using monoOptions --debugger-agent=transport=dt_socket,embedding=1,server=y,suspend=n,address=127.0.0.1:56640
Begin MonoManager ReloadAssembly
Registering precompiled unity dll's ...
Register platform support module: D:/Program Files/2020.2.2f1/Editor/Data/PlaybackEngines/WebGLSupport/UnityEditor.WebGL.Extensions.dll
Register platform support module: D:/Program Files/2020.2.2f1/Editor/Data/PlaybackEngines/WindowsStandaloneSupport/UnityEditor.WindowsStandalone.Extensions.dll
Registered in 0.007365 seconds.
Native extension for WindowsStandalone target not found
Native extension for WebGL target not found
Refreshing native plugins compatible for Editor in 29.36 ms, found 0 plugins.
Preloading 0 native plugins for Editor in 0.00 ms.
Invoked RoslynAnalysisRunner static constructor.
RoslynAnalysisRunner will not be running.
RoslynAnalysisRunner has terminated.
Mono: successfully reloaded assembly
- Completed reload, in  3.663 seconds
Platform modules already initialized, skipping
Registering precompiled user dll's ...
Registered in 0.001261 seconds.
Begin MonoManager ReloadAssembly
Native extension for WindowsStandalone target not found
Native extension for WebGL target not found
Refreshing native plugins compatible for Editor in 0.27 ms, found 0 plugins.
Preloading 0 native plugins for Editor in 0.00 ms.
Invoked RoslynAnalysisRunner static constructor.
RoslynAnalysisRunner will not be running.
RoslynAnalysisRunner has terminated.
Mono: successfully reloaded assembly
- Completed reload, in  1.108 seconds
Platform modules already initialized, skipping
========================================================================
Worker process is ready to serve import requests
Launched and connected shader compiler UnityShaderCompiler.exe after 0.08 seconds
Refreshing native plugins compatible for Editor in 0.33 ms, found 0 plugins.
Preloading 0 native plugins for Editor in 0.00 ms.
Unloading 1104 Unused Serialized files (Serialized files now loaded: 0)
System memory in use before: 57.0 MB.
System memory in use after: 57.1 MB.

Unloading 10 unused Assets to reduce memory usage. Loaded Objects now: 1546.
Total: 1.879800 ms (FindLiveObjects: 0.133600 ms CreateObjectMapping: 0.036700 ms MarkObjects: 1.610800 ms  DeleteObjects: 0.097000 ms)

========================================================================
Received Import Request.
  path: Assets/Animations/standing draw arrow.fbx
  artifactKey: Guid(4c6b938747fae914788d78726df9fab1) Importer(815301076,1909f56bfc062723c751e8b465ee728b)
Start importing Assets/Animations/standing draw arrow.fbx using Guid(4c6b938747fae914788d78726df9fab1) Importer(815301076,1909f56bfc062723c751e8b465ee728b)  -> (artifact id: '0e4ff60ef696950f01a82ddada4d089c') in 0.105476 seconds
  Import took 0.107674 seconds .

========================================================================
Received Import Request.
  Time since last request: 0.000228 seconds.
  path: Assets/Animations/Archer@Standing Draw Arrow.fbx
  artifactKey: Guid(284106cb4595c7947b380bcc659696b1) Importer(815301076,1909f56bfc062723c751e8b465ee728b)
Start importing Assets/Animations/Archer@Standing Draw Arrow.fbx using Guid(284106cb4595c7947b380bcc659696b1) Importer(815301076,1909f56bfc062723c751e8b465ee728b)  -> (artifact id: 'b38d6592747431717496d3888a1d83c1') in 0.274109 seconds
  Import took 0.277132 seconds .

========================================================================
Received Import Request.
  Time since last request: 228.146911 seconds.
  path: Assets/Animations/standing draw arrow.fbx
  artifactKey: Guid(4c6b938747fae914788d78726df9fab1) Importer(815301076,1909f56bfc062723c751e8b465ee728b)
Start importing Assets/Animations/standing draw arrow.fbx using Guid(4c6b938747fae914788d78726df9fab1) Importer(815301076,1909f56bfc062723c751e8b465ee728b)  -> (artifact id: 'b65a6a268b96024fa87cbb1d48687236') in 0.018110 seconds
  Import took 0.022431 seconds .

========================================================================
Received Import Request.
  Time since last request: 627.299867 seconds.
  path: Assets/Animations/Archer@Standing Jump.fbx
  artifactKey: Guid(47ed17829c9be7e43b3cfd957eadf4ca) Importer(815301076,1909f56bfc062723c751e8b465ee728b)
Start importing Assets/Animations/Archer@Standing Jump.fbx using Guid(47ed17829c9be7e43b3cfd957eadf4ca) Importer(815301076,1909f56bfc062723c751e8b465ee728b)  -> (artifact id: '3e6c006390f6e28d071a48de11112eb2') in 0.058883 seconds
  Import took 0.061575 seconds .

========================================================================
Received Import Request.
  Time since last request: 0.000267 seconds.
  path: Assets/Animations/Archer@Standing Jump.fbx
  artifactKey: Guid(47ed17829c9be7e43b3cfd957eadf4ca) Importer(815301076,1909f56bfc062723c751e8b465ee728b)
Start importing Assets/Animations/Archer@Standing Jump.fbx using Guid(47ed17829c9be7e43b3cfd957eadf4ca) Importer(815301076,1909f56bfc062723c751e8b465ee728b)  -> (artifact id: '3e6c006390f6e28d071a48de11112eb2') in 0.043055 seconds
  Import took 0.045633 seconds .

========================================================================
Received Prepare
Registering precompiled user dll's ...
Registered in 0.001213 seconds.
Begin MonoManager ReloadAssembly
Native extension for WindowsStandalone target not found
Native extension for WebGL target not found
Refreshing native plugins compatible for Editor in 0.22 ms, found 0 plugins.
Preloading 0 native plugins for Editor in 0.00 ms.
Invoked RoslynAnalysisRunner static constructor.
RoslynAnalysisRunner will not be running.
RoslynAnalysisRunner has terminated.
Mono: successfully reloaded assembly
- Completed reload, in  1.065 seconds
Platform modules already initialized, skipping
Refreshing native plugins compatible for Editor in 0.26 ms, found 0 plugins.
Preloading 0 native plugins for Editor in 0.00 ms.
Unloading 1099 Unused Serialized files (Serialized files now loaded: 0)
System memory in use before: 71.6 MB.
System memory in use after: 71.7 MB.

Unloading 5 unused Assets to reduce memory usage. Loaded Objects now: 1592.
Total: 17.121700 ms (FindLiveObjects: 0.516100 ms CreateObjectMapping: 0.045600 ms MarkObjects: 16.479700 ms  DeleteObjects: 0.077700 ms)

========================================================================
Received Import Request.
  Time since last request: 7.814559 seconds.
  path: Assets/Animations/standing aim walk right.fbx
  artifactKey: Guid(d8f2ae6ddc776f34ca7a97684b66301c) Importer(815301076,1909f56bfc062723c751e8b465ee728b)
Start importing Assets/Animations/standing aim walk right.fbx using Guid(d8f2ae6ddc776f34ca7a97684b66301c) Importer(815301076,1909f56bfc062723c751e8b465ee728b)  -> (artifact id: '4aa717beca97da3a8fb281d4b5a82a08') in 0.055801 seconds
  Import took 0.059936 seconds .

========================================================================
Received Import Request.
  Time since last request: 18.255979 seconds.
  path: Assets/Animations/standing aim walk right.fbx
  artifactKey: Guid(d8f2ae6ddc776f34ca7a97684b66301c) Importer(815301076,1909f56bfc062723c751e8b465ee728b)
Start importing Assets/Animations/standing aim walk right.fbx using Guid(d8f2ae6ddc776f34ca7a97684b66301c) Importer(815301076,1909f56bfc062723c751e8b465ee728b)  -> (artifact id: '60a7c302ea2b34bb3ca30137f2f84bde') in 0.019081 seconds
  Import took 0.022985 seconds .

========================================================================
Received Import Request.
  Time since last request: 594.831902 seconds.
  path: Assets/Animations/standing aim overdraw.fbx
  artifactKey: Guid(8c2aca95694ad7c448a797ad65394dfd) Importer(815301076,1909f56bfc062723c751e8b465ee728b)
Start importing Assets/Animations/standing aim overdraw.fbx using Guid(8c2aca95694ad7c448a797ad65394dfd) Importer(815301076,1909f56bfc062723c751e8b465ee728b)  -> (artifact id: '52441dcac553abca5c2e9ef1dfe4f257') in 0.027569 seconds
  Import took 0.031547 seconds .

========================================================================
Received Import Request.
  Time since last request: 0.444191 seconds.
  path: Assets/Animations/standing aim recoil.fbx
  artifactKey: Guid(65df27cfb66aa274d86d72edf934fbe2) Importer(815301076,1909f56bfc062723c751e8b465ee728b)
Start importing Assets/Animations/standing aim recoil.fbx using Guid(65df27cfb66aa274d86d72edf934fbe2) Importer(815301076,1909f56bfc062723c751e8b465ee728b)  -> (artifact id: 'dfeb6bfefdfa879224d1c24d15417f77') in 0.019506 seconds
  Import took 0.023132 seconds .

========================================================================
Received Import Request.
  Time since last request: 0.001174 seconds.
  path: Assets/Animations/standing aim recoil.fbx
  artifactKey: Guid(65df27cfb66aa274d86d72edf934fbe2) Importer(815301076,1909f56bfc062723c751e8b465ee728b)
Start importing Assets/Animations/standing aim recoil.fbx using Guid(65df27cfb66aa274d86d72edf934fbe2) Importer(815301076,1909f56bfc062723c751e8b465ee728b)  -> (artifact id: 'dfeb6bfefdfa879224d1c24d15417f77') in 0.016760 seconds
  Import took 0.019475 seconds .

========================================================================
Received Import Request.
  Time since last request: 199.013327 seconds.
  path: Assets/Animations/standing aim overdraw.fbx
  artifactKey: Guid(8c2aca95694ad7c448a797ad65394dfd) Importer(815301076,1909f56bfc062723c751e8b465ee728b)
Start importing Assets/Animations/standing aim overdraw.fbx using Guid(8c2aca95694ad7c448a797ad65394dfd) Importer(815301076,1909f56bfc062723c751e8b465ee728b)  -> (artifact id: '876c22714ef8d1075d70640d0f79202c') in 0.029865 seconds
  Import took 0.032236 seconds .

========================================================================
Received Import Request.
  Time since last request: 498.895819 seconds.
  path: Assets/Assets/Player.controller
  artifactKey: Guid(f603db3fb08f441488ff54b454ffbf3e) Importer(815301076,1909f56bfc062723c751e8b465ee728b)
Start importing Assets/Assets/Player.controller using Guid(f603db3fb08f441488ff54b454ffbf3e) Importer(815301076,1909f56bfc062723c751e8b465ee728b)  -> (artifact id: '669c81a4d606b01f9ac496d12b5a390f') in 0.056666 seconds
  Import took 0.059913 seconds .

========================================================================
Received Import Request.
  Time since last request: 11.610949 seconds.
  path: Assets/Scripts/PlayerController.cs
  artifactKey: Guid(e080dcda8f7929c458d7e82932a05b2d) Importer(815301076,1909f56bfc062723c751e8b465ee728b)
Start importing Assets/Scripts/PlayerController.cs using Guid(e080dcda8f7929c458d7e82932a05b2d) Importer(815301076,1909f56bfc062723c751e8b465ee728b)  -> (artifact id: '5457a21f32c5e1f168db201f074622e9') in 0.121825 seconds
  Import took 0.124118 seconds .

========================================================================
Received Import Request.
  Time since last request: 83.589709 seconds.
  path: Assets/Scripts/Shoot.cs
  artifactKey: Guid(d3d0a9be721174b4c8d2608784be464c) Importer(815301076,1909f56bfc062723c751e8b465ee728b)
Start importing Assets/Scripts/Shoot.cs using Guid(d3d0a9be721174b4c8d2608784be464c) Importer(815301076,1909f56bfc062723c751e8b465ee728b)  -> (artifact id: '870ac113c4811d3a1aa6325f4821d0db') in 0.022621 seconds
  Import took 0.025645 seconds .

========================================================================
Received Prepare
Registering precompiled user dll's ...
Registered in 0.001203 seconds.
Begin MonoManager ReloadAssembly
Native extension for WindowsStandalone target not found
Native extension for WebGL target not found
Refreshing native plugins compatible for Editor in 0.21 ms, found 0 plugins.
Preloading 0 native plugins for Editor in 0.00 ms.
Invoked RoslynAnalysisRunner static constructor.
RoslynAnalysisRunner will not be running.
RoslynAnalysisRunner has terminated.
Mono: successfully reloaded assembly
- Completed reload, in  0.938 seconds
Platform modules already initialized, skipping
Refreshing native plugins compatible for Editor in 0.21 ms, found 0 plugins.
Preloading 0 native plugins for Editor in 0.00 ms.
Unloading 1099 Unused Serialized files (Serialized files now loaded: 0)
System memory in use before: 71.8 MB.
System memory in use after: 71.9 MB.

Unloading 5 unused Assets to reduce memory usage. Loaded Objects now: 1594.
Total: 1.645400 ms (FindLiveObjects: 0.134600 ms CreateObjectMapping: 0.031500 ms MarkObjects: 1.395400 ms  DeleteObjects: 0.082900 ms)

========================================================================
Received Prepare
Registering precompiled user dll's ...
Registered in 0.001434 seconds.
Begin MonoManager ReloadAssembly
Native extension for WindowsStandalone target not found
Native extension for WebGL target not found
Refreshing native plugins compatible for Editor in 0.31 ms, found 0 plugins.
Preloading 0 native plugins for Editor in 0.00 ms.
Invoked RoslynAnalysisRunner static constructor.
RoslynAnalysisRunner will not be running.
RoslynAnalysisRunner has terminated.
Mono: successfully reloaded assembly
- Completed reload, in  0.892 seconds
Platform modules already initialized, skipping
Refreshing native plugins compatible for Editor in 0.28 ms, found 0 plugins.
Preloading 0 native plugins for Editor in 0.00 ms.
Unloading 1099 Unused Serialized files (Serialized files now loaded: 0)
System memory in use before: 72.0 MB.
System memory in use after: 72.1 MB.

Unloading 5 unused Assets to reduce memory usage. Loaded Objects now: 1596.
Total: 1.850500 ms (FindLiveObjects: 0.127500 ms CreateObjectMapping: 0.033100 ms MarkObjects: 1.611100 ms  DeleteObjects: 0.077900 ms)

========================================================================
Received Prepare
Registering precompiled user dll's ...
Registered in 0.001217 seconds.
Begin MonoManager ReloadAssembly
Native extension for WindowsStandalone target not found
Native extension for WebGL target not found
Refreshing native plugins compatible for Editor in 0.22 ms, found 0 plugins.
Preloading 0 native plugins for Editor in 0.00 ms.
Invoked RoslynAnalysisRunner static constructor.
RoslynAnalysisRunner will not be running.
RoslynAnalysisRunner has terminated.
Mono: successfully reloaded assembly
- Completed reload, in  1.031 seconds
Platform modules already initialized, skipping
Refreshing native plugins compatible for Editor in 0.23 ms, found 0 plugins.
Preloading 0 native plugins for Editor in 0.00 ms.
Unloading 1099 Unused Serialized files (Serialized files now loaded: 0)
System memory in use before: 72.2 MB.
System memory in use after: 72.3 MB.

Unloading 5 unused Assets to reduce memory usage. Loaded Objects now: 1598.
Total: 1.759800 ms (FindLiveObjects: 0.191900 ms CreateObjectMapping: 0.036100 ms MarkObjects: 1.479100 ms  DeleteObjects: 0.051600 ms)

========================================================================
Received Prepare
Registering precompiled user dll's ...
Registered in 0.001317 seconds.
Begin MonoManager ReloadAssembly
Native extension for WindowsStandalone target not found
Native extension for WebGL target not found
Refreshing native plugins compatible for Editor in 0.23 ms, found 0 plugins.
Preloading 0 native plugins for Editor in 0.00 ms.
Invoked RoslynAnalysisRunner static constructor.
RoslynAnalysisRunner will not be running.
RoslynAnalysisRunner has terminated.
Mono: successfully reloaded assembly
- Completed reload, in  0.928 seconds
Platform modules already initialized, skipping
Refreshing native plugins compatible for Editor in 0.21 ms, found 0 plugins.
Preloading 0 native plugins for Editor in 0.00 ms.
Unloading 1099 Unused Serialized files (Serialized files now loaded: 0)
System memory in use before: 72.3 MB.
System memory in use after: 72.4 MB.

Unloading 5 unused Assets to reduce memory usage. Loaded Objects now: 1600.
Total: 2.850500 ms (FindLiveObjects: 0.517300 ms CreateObjectMapping: 0.123000 ms MarkObjects: 2.075600 ms  DeleteObjects: 0.133300 ms)

========================================================================
Received Prepare
Registering precompiled user dll's ...
Registered in 0.001195 seconds.
Begin MonoManager ReloadAssembly
Native extension for WindowsStandalone target not found
Native extension for WebGL target not found
Refreshing native plugins compatible for Editor in 0.21 ms, found 0 plugins.
Preloading 0 native plugins for Editor in 0.00 ms.
Invoked RoslynAnalysisRunner static constructor.
RoslynAnalysisRunner will not be running.
RoslynAnalysisRunner has terminated.
Mono: successfully reloaded assembly
- Completed reload, in  0.916 seconds
Platform modules already initialized, skipping
Refreshing native plugins compatible for Editor in 0.22 ms, found 0 plugins.
Preloading 0 native plugins for Editor in 0.00 ms.
Unloading 1099 Unused Serialized files (Serialized files now loaded: 0)
System memory in use before: 72.6 MB.
System memory in use after: 72.6 MB.

Unloading 5 unused Assets to reduce memory usage. Loaded Objects now: 1602.
Total: 2.179500 ms (FindLiveObjects: 0.200300 ms CreateObjectMapping: 0.037000 ms MarkObjects: 1.814900 ms  DeleteObjects: 0.125800 ms)

========================================================================
Received Prepare
Registering precompiled user dll's ...
Registered in 0.001182 seconds.
Begin MonoManager ReloadAssembly
Native extension for WindowsStandalone target not found
Native extension for WebGL target not found
Refreshing native plugins compatible for Editor in 0.24 ms, found 0 plugins.
Preloading 0 native plugins for Editor in 0.00 ms.
Invoked RoslynAnalysisRunner static constructor.
RoslynAnalysisRunner will not be running.
RoslynAnalysisRunner has terminated.
Mono: successfully reloaded assembly
- Completed reload, in  0.976 seconds
Platform modules already initialized, skipping
Refreshing native plugins compatible for Editor in 0.25 ms, found 0 plugins.
Preloading 0 native plugins for Editor in 0.00 ms.
Unloading 1099 Unused Serialized files (Serialized files now loaded: 0)
System memory in use before: 72.7 MB.
System memory in use after: 72.8 MB.

Unloading 5 unused Assets to reduce memory usage. Loaded Objects now: 1604.
Total: 2.046100 ms (FindLiveObjects: 0.218400 ms CreateObjectMapping: 0.049700 ms MarkObjects: 1.692700 ms  DeleteObjects: 0.083600 ms)

========================================================================
Received Prepare
Registering precompiled user dll's ...
Registered in 0.001338 seconds.
Begin MonoManager ReloadAssembly
Native extension for WindowsStandalone target not found
Native extension for WebGL target not found
Refreshing native plugins compatible for Editor in 0.22 ms, found 0 plugins.
Preloading 0 native plugins for Editor in 0.00 ms.
Invoked RoslynAnalysisRunner static constructor.
RoslynAnalysisRunner will not be running.
RoslynAnalysisRunner has terminated.
Mono: successfully reloaded assembly
- Completed reload, in  0.993 seconds
Platform modules already initialized, skipping
Refreshing native plugins compatible for Editor in 0.28 ms, found 0 plugins.
Preloading 0 native plugins for Editor in 0.00 ms.
Unloading 1099 Unused Serialized files (Serialized files now loaded: 0)
System memory in use before: 72.9 MB.
System memory in use after: 73.0 MB.

Unloading 5 unused Assets to reduce memory usage. Loaded Objects now: 1606.
Total: 1.593700 ms (FindLiveObjects: 0.142900 ms CreateObjectMapping: 0.035100 ms MarkObjects: 1.363000 ms  DeleteObjects: 0.051500 ms)

========================================================================
Received Prepare
Registering precompiled user dll's ...
Registered in 0.001172 seconds.
Begin MonoManager ReloadAssembly
Native extension for WindowsStandalone target not found
Native extension for WebGL target not found
Refreshing native plugins compatible for Editor in 0.21 ms, found 0 plugins.
Preloading 0 native plugins for Editor in 0.00 ms.
Invoked RoslynAnalysisRunner static constructor.
RoslynAnalysisRunner will not be running.
RoslynAnalysisRunner has terminated.
Mono: successfully reloaded assembly
- Completed reload, in  1.086 seconds
Platform modules already initialized, skipping
Refreshing native plugins compatible for Editor in 0.21 ms, found 0 plugins.
Preloading 0 native plugins for Editor in 0.00 ms.
Unloading 1099 Unused Serialized files (Serialized files now loaded: 0)
System memory in use before: 73.1 MB.
System memory in use after: 73.2 MB.

Unloading 5 unused Assets to reduce memory usage. Loaded Objects now: 1608.
Total: 3.095000 ms (FindLiveObjects: 0.154600 ms CreateObjectMapping: 0.039000 ms MarkObjects: 2.832100 ms  DeleteObjects: 0.068000 ms)

========================================================================
Received Import Request.
  Time since last request: 783.335903 seconds.
  path: Assets/Animations/Archer@Standing Aim Idle 01.fbx
  artifactKey: Guid(402a6645f22b806419f95c13b52a1766) Importer(815301076,1909f56bfc062723c751e8b465ee728b)
Start importing Assets/Animations/Archer@Standing Aim Idle 01.fbx using Guid(402a6645f22b806419f95c13b52a1766) Importer(815301076,1909f56bfc062723c751e8b465ee728b)  -> (artifact id: '5ea4dff35d6a0cc020720c67df400e33') in 0.163182 seconds
  Import took 0.165930 seconds .

========================================================================
Received Import Request.
  Time since last request: 8.604446 seconds.
  path: Assets/Animations/Archer@Standing Aim Idle 01.fbx
  artifactKey: Guid(402a6645f22b806419f95c13b52a1766) Importer(815301076,1909f56bfc062723c751e8b465ee728b)
Start importing Assets/Animations/Archer@Standing Aim Idle 01.fbx using Guid(402a6645f22b806419f95c13b52a1766) Importer(815301076,1909f56bfc062723c751e8b465ee728b)  -> (artifact id: 'b74e5e0a32344054750437f9ef503f93') in 0.042227 seconds
  Import took 0.047429 seconds .

========================================================================
Received Import Request.
  Time since last request: 15.401017 seconds.
  path: Assets/Animations/standing aim walk left.fbx
  artifactKey: Guid(bf2eaa1695cae0140a962fadd561abfb) Importer(815301076,1909f56bfc062723c751e8b465ee728b)
Start importing Assets/Animations/standing aim walk left.fbx using Guid(bf2eaa1695cae0140a962fadd561abfb) Importer(815301076,1909f56bfc062723c751e8b465ee728b)  -> (artifact id: 'f6fcec5bbd67a599a8531089fbde1946') in 0.031167 seconds
  Import took 0.049218 seconds .

========================================================================
Received Import Request.
  Time since last request: 10.709462 seconds.
  path: Assets/Animations/standing aim walk left.fbx
  artifactKey: Guid(bf2eaa1695cae0140a962fadd561abfb) Importer(815301076,1909f56bfc062723c751e8b465ee728b)
Start importing Assets/Animations/standing aim walk left.fbx using Guid(bf2eaa1695cae0140a962fadd561abfb) Importer(815301076,1909f56bfc062723c751e8b465ee728b)  -> (artifact id: '81dc04ddf70a80ad307ba08e2cc7ad9a') in 0.018896 seconds
  Import took 0.021443 seconds .

========================================================================
Received Import Request.
  Time since last request: 2.429312 seconds.
  path: Assets/Animations/standing aim walk forward.fbx
  artifactKey: Guid(8c0bb0aaeb3334c4d947eebe8adf5191) Importer(815301076,1909f56bfc062723c751e8b465ee728b)
Start importing Assets/Animations/standing aim walk forward.fbx using Guid(8c0bb0aaeb3334c4d947eebe8adf5191) Importer(815301076,1909f56bfc062723c751e8b465ee728b)  -> (artifact id: '4fc5150a6806783f638ff517fb6c6fd4') in 0.022759 seconds
  Import took 0.027331 seconds .

========================================================================
Received Import Request.
  Time since last request: 0.000710 seconds.
  path: Assets/Animations/standing aim walk forward.fbx
  artifactKey: Guid(8c0bb0aaeb3334c4d947eebe8adf5191) Importer(815301076,1909f56bfc062723c751e8b465ee728b)
Start importing Assets/Animations/standing aim walk forward.fbx using Guid(8c0bb0aaeb3334c4d947eebe8adf5191) Importer(815301076,1909f56bfc062723c751e8b465ee728b)  -> (artifact id: '4fc5150a6806783f638ff517fb6c6fd4') in 0.011253 seconds
  Import took 0.018332 seconds .

========================================================================
Received Import Request.
  Time since last request: 12.577824 seconds.
  path: Assets/Animations/standing aim walk forward.fbx
  artifactKey: Guid(8c0bb0aaeb3334c4d947eebe8adf5191) Importer(815301076,1909f56bfc062723c751e8b465ee728b)
Start importing Assets/Animations/standing aim walk forward.fbx using Guid(8c0bb0aaeb3334c4d947eebe8adf5191) Importer(815301076,1909f56bfc062723c751e8b465ee728b)  -> (artifact id: '5a2117710dd00c5888b722c223bbf11f') in 0.022934 seconds
  Import took 0.027344 seconds .

========================================================================
Received Import Request.
  Time since last request: 1.474858 seconds.
  path: Assets/Animations/standing aim walk back.fbx
  artifactKey: Guid(a867218cdd0e2e44b8732806ab182f11) Importer(815301076,1909f56bfc062723c751e8b465ee728b)
Start importing Assets/Animations/standing aim walk back.fbx using Guid(a867218cdd0e2e44b8732806ab182f11) Importer(815301076,1909f56bfc062723c751e8b465ee728b)  -> (artifact id: '3e06c412fc9f277a30a9ed162f218e5c') in 0.021173 seconds
  Import took 0.023648 seconds .

========================================================================
Received Import Request.
  Time since last request: 8.394535 seconds.
  path: Assets/Animations/standing aim walk back.fbx
  artifactKey: Guid(a867218cdd0e2e44b8732806ab182f11) Importer(815301076,1909f56bfc062723c751e8b465ee728b)
Start importing Assets/Animations/standing aim walk back.fbx using Guid(a867218cdd0e2e44b8732806ab182f11) Importer(815301076,1909f56bfc062723c751e8b465ee728b)  -> (artifact id: 'df052f706e76396d384c3c7f5a4eefff') in 0.020777 seconds
  Import took 0.023561 seconds .

========================================================================
Received Import Request.
  Time since last request: 2.080979 seconds.
  path: Assets/Animations/standing aim recoil.fbx
  artifactKey: Guid(65df27cfb66aa274d86d72edf934fbe2) Importer(815301076,1909f56bfc062723c751e8b465ee728b)
Start importing Assets/Animations/standing aim recoil.fbx using Guid(65df27cfb66aa274d86d72edf934fbe2) Importer(815301076,1909f56bfc062723c751e8b465ee728b)  -> (artifact id: '1aa2af08164982df45a3bd415a375806') in 0.021843 seconds
  Import took 0.024362 seconds .

========================================================================
Received Import Request.
  Time since last request: 0.001940 seconds.
  path: Assets/Animations/standing aim recoil.fbx
  artifactKey: Guid(65df27cfb66aa274d86d72edf934fbe2) Importer(815301076,1909f56bfc062723c751e8b465ee728b)
Start importing Assets/Animations/standing aim recoil.fbx using Guid(65df27cfb66aa274d86d72edf934fbe2) Importer(815301076,1909f56bfc062723c751e8b465ee728b)  -> (artifact id: '1aa2af08164982df45a3bd415a375806') in 0.016689 seconds
  Import took 0.024876 seconds .

========================================================================
Received Import Request.
  Time since last request: 32.802878 seconds.
  path: Assets/Animations/standing aim overdraw.fbx
  artifactKey: Guid(8c2aca95694ad7c448a797ad65394dfd) Importer(815301076,1909f56bfc062723c751e8b465ee728b)
Start importing Assets/Animations/standing aim overdraw.fbx using Guid(8c2aca95694ad7c448a797ad65394dfd) Importer(815301076,1909f56bfc062723c751e8b465ee728b)  -> (artifact id: '2bc120821575f068997fc8eef0ee5bd5') in 0.025445 seconds
  Import took 0.028033 seconds .

========================================================================
Received Import Request.
  Time since last request: 8.435292 seconds.
  path: Assets/Animations/Archer@Standing Aim Idle 01.fbx
  artifactKey: Guid(402a6645f22b806419f95c13b52a1766) Importer(815301076,1909f56bfc062723c751e8b465ee728b)
Start importing Assets/Animations/Archer@Standing Aim Idle 01.fbx using Guid(402a6645f22b806419f95c13b52a1766) Importer(815301076,1909f56bfc062723c751e8b465ee728b)  -> (artifact id: '399d31e9fc12d19863e0192b36026f93') in 0.051093 seconds
  Import took 0.053475 seconds .

========================================================================
Received Prepare
Registering precompiled user dll's ...
Registered in 0.001215 seconds.
Begin MonoManager ReloadAssembly
Native extension for WindowsStandalone target not found
Native extension for WebGL target not found
Refreshing native plugins compatible for Editor in 0.24 ms, found 0 plugins.
Preloading 0 native plugins for Editor in 0.00 ms.
Invoked RoslynAnalysisRunner static constructor.
RoslynAnalysisRunner will not be running.
RoslynAnalysisRunner has terminated.
Mono: successfully reloaded assembly
- Completed reload, in  1.147 seconds
Platform modules already initialized, skipping
Refreshing native plugins compatible for Editor in 0.21 ms, found 0 plugins.
Preloading 0 native plugins for Editor in 0.00 ms.
Unloading 1099 Unused Serialized files (Serialized files now loaded: 0)
System memory in use before: 73.3 MB.
System memory in use after: 73.4 MB.

Unloading 5 unused Assets to reduce memory usage. Loaded Objects now: 1611.
Total: 1.563600 ms (FindLiveObjects: 0.137900 ms CreateObjectMapping: 0.036300 ms MarkObjects: 1.334300 ms  DeleteObjects: 0.053600 ms)

========================================================================
Received Prepare
Registering precompiled user dll's ...
Registered in 0.004008 seconds.
Begin MonoManager ReloadAssembly
Native extension for WindowsStandalone target not found
Native extension for WebGL target not found
Refreshing native plugins compatible for Editor in 0.21 ms, found 0 plugins.
Preloading 0 native plugins for Editor in 0.00 ms.
Invoked RoslynAnalysisRunner static constructor.
RoslynAnalysisRunner will not be running.
RoslynAnalysisRunner has terminated.
Mono: successfully reloaded assembly
- Completed reload, in  1.045 seconds
Platform modules already initialized, skipping
Refreshing native plugins compatible for Editor in 0.22 ms, found 0 plugins.
Preloading 0 native plugins for Editor in 0.00 ms.
Unloading 1099 Unused Serialized files (Serialized files now loaded: 0)
System memory in use before: 73.4 MB.
System memory in use after: 73.5 MB.

Unloading 5 unused Assets to reduce memory usage. Loaded Objects now: 1613.
Total: 3.271300 ms (FindLiveObjects: 0.134300 ms CreateObjectMapping: 0.035500 ms MarkObjects: 3.030900 ms  DeleteObjects: 0.068800 ms)

========================================================================
Received Prepare
Registering precompiled user dll's ...
Registered in 0.002008 seconds.
Begin MonoManager ReloadAssembly
Native extension for WindowsStandalone target not found
Native extension for WebGL target not found
Refreshing native plugins compatible for Editor in 0.24 ms, found 0 plugins.
Preloading 0 native plugins for Editor in 0.00 ms.
Invoked RoslynAnalysisRunner static constructor.
RoslynAnalysisRunner will not be running.
RoslynAnalysisRunner has terminated.
Mono: successfully reloaded assembly
- Completed reload, in  1.288 seconds
Platform modules already initialized, skipping
Refreshing native plugins compatible for Editor in 0.24 ms, found 0 plugins.
Preloading 0 native plugins for Editor in 0.00 ms.
Unloading 1099 Unused Serialized files (Serialized files now loaded: 0)
System memory in use before: 72.6 MB.
System memory in use after: 72.7 MB.

Unloading 5 unused Assets to reduce memory usage. Loaded Objects now: 1615.
Total: 2.617000 ms (FindLiveObjects: 0.163000 ms CreateObjectMapping: 0.042800 ms MarkObjects: 2.345000 ms  DeleteObjects: 0.065000 ms)

========================================================================
Received Prepare
Registering precompiled user dll's ...
Registered in 0.002068 seconds.
Begin MonoManager ReloadAssembly
Native extension for WindowsStandalone target not found
Native extension for WebGL target not found
Refreshing native plugins compatible for Editor in 0.21 ms, found 0 plugins.
Preloading 0 native plugins for Editor in 0.00 ms.
Invoked RoslynAnalysisRunner static constructor.
RoslynAnalysisRunner will not be running.
RoslynAnalysisRunner has terminated.
Mono: successfully reloaded assembly
- Completed reload, in  1.020 seconds
Platform modules already initialized, skipping
Refreshing native plugins compatible for Editor in 0.21 ms, found 0 plugins.
Preloading 0 native plugins for Editor in 0.00 ms.
Unloading 1099 Unused Serialized files (Serialized files now loaded: 0)
System memory in use before: 72.8 MB.
System memory in use after: 72.9 MB.

Unloading 5 unused Assets to reduce memory usage. Loaded Objects now: 1617.
Total: 2.316500 ms (FindLiveObjects: 0.147100 ms CreateObjectMapping: 0.037700 ms MarkObjects: 2.040900 ms  DeleteObjects: 0.088800 ms)

========================================================================
Received Prepare
Registering precompiled user dll's ...
Registered in 0.005234 seconds.
Begin MonoManager ReloadAssembly
Native extension for WindowsStandalone target not found
Native extension for WebGL target not found
Refreshing native plugins compatible for Editor in 0.31 ms, found 0 plugins.
Preloading 0 native plugins for Editor in 0.00 ms.
Invoked RoslynAnalysisRunner static constructor.
RoslynAnalysisRunner will not be running.
RoslynAnalysisRunner has terminated.
Mono: successfully reloaded assembly
- Completed reload, in  1.106 seconds
Platform modules already initialized, skipping
Refreshing native plugins compatible for Editor in 0.22 ms, found 0 plugins.
Preloading 0 native plugins for Editor in 0.00 ms.
Unloading 1099 Unused Serialized files (Serialized files now loaded: 0)
System memory in use before: 73.0 MB.
System memory in use after: 73.1 MB.

Unloading 5 unused Assets to reduce memory usage. Loaded Objects now: 1619.
Total: 6.594100 ms (FindLiveObjects: 0.173000 ms CreateObjectMapping: 0.041200 ms MarkObjects: 6.143500 ms  DeleteObjects: 0.198000 ms)

========================================================================
Received Prepare
Registering precompiled user dll's ...
Registered in 0.001448 seconds.
Begin MonoManager ReloadAssembly
Native extension for WindowsStandalone target not found
Native extension for WebGL target not found
Refreshing native plugins compatible for Editor in 0.33 ms, found 0 plugins.
Preloading 0 native plugins for Editor in 0.00 ms.
Invoked RoslynAnalysisRunner static constructor.
RoslynAnalysisRunner will not be running.
RoslynAnalysisRunner has terminated.
Mono: successfully reloaded assembly
- Completed reload, in  1.188 seconds
Platform modules already initialized, skipping
Refreshing native plugins compatible for Editor in 0.21 ms, found 0 plugins.
Preloading 0 native plugins for Editor in 0.00 ms.
Unloading 1099 Unused Serialized files (Serialized files now loaded: 0)
System memory in use before: 73.2 MB.
System memory in use after: 73.2 MB.

Unloading 5 unused Assets to reduce memory usage. Loaded Objects now: 1621.
Total: 3.605300 ms (FindLiveObjects: 0.159700 ms CreateObjectMapping: 0.041400 ms MarkObjects: 3.317300 ms  DeleteObjects: 0.085700 ms)

========================================================================
Received Prepare
Registering precompiled user dll's ...
Registered in 0.001160 seconds.
Begin MonoManager ReloadAssembly
Native extension for WindowsStandalone target not found
Native extension for WebGL target not found
Refreshing native plugins compatible for Editor in 0.22 ms, found 0 plugins.
Preloading 0 native plugins for Editor in 0.00 ms.
Invoked RoslynAnalysisRunner static constructor.
RoslynAnalysisRunner will not be running.
RoslynAnalysisRunner has terminated.
Mono: successfully reloaded assembly
- Completed reload, in  1.199 seconds
Platform modules already initialized, skipping
Refreshing native plugins compatible for Editor in 0.25 ms, found 0 plugins.
Preloading 0 native plugins for Editor in 0.00 ms.
Unloading 1099 Unused Serialized files (Serialized files now loaded: 0)
System memory in use before: 73.3 MB.
System memory in use after: 73.4 MB.

Unloading 5 unused Assets to reduce memory usage. Loaded Objects now: 1623.
Total: 1.826900 ms (FindLiveObjects: 0.147200 ms CreateObjectMapping: 0.037300 ms MarkObjects: 1.524300 ms  DeleteObjects: 0.116700 ms)

========================================================================
Received Prepare
Registering precompiled user dll's ...
Registered in 0.001589 seconds.
Begin MonoManager ReloadAssembly
Native extension for WindowsStandalone target not found
Native extension for WebGL target not found
Refreshing native plugins compatible for Editor in 0.21 ms, found 0 plugins.
Preloading 0 native plugins for Editor in 0.00 ms.
Invoked RoslynAnalysisRunner static constructor.
RoslynAnalysisRunner will not be running.
RoslynAnalysisRunner has terminated.
Mono: successfully reloaded assembly
- Completed reload, in  1.023 seconds
Platform modules already initialized, skipping
Refreshing native plugins compatible for Editor in 0.22 ms, found 0 plugins.
Preloading 0 native plugins for Editor in 0.00 ms.
Unloading 1099 Unused Serialized files (Serialized files now loaded: 0)
System memory in use before: 73.4 MB.
System memory in use after: 73.5 MB.

Unloading 5 unused Assets to reduce memory usage. Loaded Objects now: 1625.
Total: 1.569600 ms (FindLiveObjects: 0.173600 ms CreateObjectMapping: 0.033200 ms MarkObjects: 1.307000 ms  DeleteObjects: 0.054900 ms)

========================================================================
Received Prepare
Registering precompiled user dll's ...
Registered in 0.001401 seconds.
Begin MonoManager ReloadAssembly
Native extension for WindowsStandalone target not found
Native extension for WebGL target not found
Refreshing native plugins compatible for Editor in 0.24 ms, found 0 plugins.
Preloading 0 native plugins for Editor in 0.00 ms.
Invoked RoslynAnalysisRunner static constructor.
RoslynAnalysisRunner will not be running.
RoslynAnalysisRunner has terminated.
Mono: successfully reloaded assembly
- Completed reload, in  1.052 seconds
Platform modules already initialized, skipping
Refreshing native plugins compatible for Editor in 0.21 ms, found 0 plugins.
Preloading 0 native plugins for Editor in 0.00 ms.
Unloading 1099 Unused Serialized files (Serialized files now loaded: 0)
System memory in use before: 72.7 MB.
System memory in use after: 72.8 MB.

Unloading 5 unused Assets to reduce memory usage. Loaded Objects now: 1627.
Total: 3.692200 ms (FindLiveObjects: 0.344300 ms CreateObjectMapping: 0.155500 ms MarkObjects: 3.119900 ms  DeleteObjects: 0.071000 ms)

========================================================================
Received Prepare
Registering precompiled user dll's ...
Registered in 0.001222 seconds.
Begin MonoManager ReloadAssembly
Native extension for WindowsStandalone target not found
Native extension for WebGL target not found
Refreshing native plugins compatible for Editor in 1.54 ms, found 0 plugins.
Preloading 0 native plugins for Editor in 0.00 ms.
Invoked RoslynAnalysisRunner static constructor.
RoslynAnalysisRunner will not be running.
RoslynAnalysisRunner has terminated.
Mono: successfully reloaded assembly
- Completed reload, in  1.161 seconds
Platform modules already initialized, skipping
Refreshing native plugins compatible for Editor in 0.23 ms, found 0 plugins.
Preloading 0 native plugins for Editor in 0.00 ms.
Unloading 1099 Unused Serialized files (Serialized files now loaded: 0)
System memory in use before: 72.8 MB.
System memory in use after: 72.9 MB.

Unloading 5 unused Assets to reduce memory usage. Loaded Objects now: 1629.
Total: 4.183200 ms (FindLiveObjects: 0.165600 ms CreateObjectMapping: 0.045200 ms MarkObjects: 3.907200 ms  DeleteObjects: 0.063400 ms)

========================================================================
Received Prepare
Registering precompiled user dll's ...
Registered in 0.001197 seconds.
Begin MonoManager ReloadAssembly
Native extension for WindowsStandalone target not found
Native extension for WebGL target not found
Refreshing native plugins compatible for Editor in 0.27 ms, found 0 plugins.
Preloading 0 native plugins for Editor in 0.00 ms.
Invoked RoslynAnalysisRunner static constructor.
RoslynAnalysisRunner will not be running.
RoslynAnalysisRunner has terminated.
Mono: successfully reloaded assembly
- Completed reload, in  1.111 seconds
Platform modules already initialized, skipping
Refreshing native plugins compatible for Editor in 0.42 ms, found 0 plugins.
Preloading 0 native plugins for Editor in 0.00 ms.
Unloading 1099 Unused Serialized files (Serialized files now loaded: 0)
System memory in use before: 73.0 MB.
System memory in use after: 73.1 MB.

Unloading 5 unused Assets to reduce memory usage. Loaded Objects now: 1631.
Total: 1.743000 ms (FindLiveObjects: 0.135100 ms CreateObjectMapping: 0.039000 ms MarkObjects: 1.483800 ms  DeleteObjects: 0.084000 ms)

========================================================================
Received Prepare
Registering precompiled user dll's ...
Registered in 0.002352 seconds.
Begin MonoManager ReloadAssembly
Native extension for WindowsStandalone target not found
Native extension for WebGL target not found
Refreshing native plugins compatible for Editor in 0.22 ms, found 0 plugins.
Preloading 0 native plugins for Editor in 0.00 ms.
Invoked RoslynAnalysisRunner static constructor.
RoslynAnalysisRunner will not be running.
RoslynAnalysisRunner has terminated.
Mono: successfully reloaded assembly
- Completed reload, in  1.092 seconds
Platform modules already initialized, skipping
Refreshing native plugins compatible for Editor in 0.22 ms, found 0 plugins.
Preloading 0 native plugins for Editor in 0.00 ms.
Unloading 1099 Unused Serialized files (Serialized files now loaded: 0)
System memory in use before: 73.2 MB.
System memory in use after: 73.3 MB.

Unloading 5 unused Assets to reduce memory usage. Loaded Objects now: 1633.
Total: 1.876400 ms (FindLiveObjects: 0.163900 ms CreateObjectMapping: 0.040400 ms MarkObjects: 1.609600 ms  DeleteObjects: 0.061300 ms)

========================================================================
Received Import Request.
  Time since last request: 1901.055933 seconds.
  path: Assets/Prefab/Archer.prefab
  artifactKey: Guid(a7cb5b1ce1fa379438d6c72b790d00e0) Importer(815301076,1909f56bfc062723c751e8b465ee728b)
Start importing Assets/Prefab/Archer.prefab using Guid(a7cb5b1ce1fa379438d6c72b790d00e0) Importer(815301076,1909f56bfc062723c751e8b465ee728b)  -> (artifact id: 'af8461ba998bf37d9b980c3a70fd1d21') in 0.176081 seconds
  Import took 0.180650 seconds .

========================================================================
Received Prepare
Registering precompiled user dll's ...
Registered in 0.001666 seconds.
Begin MonoManager ReloadAssembly
Native extension for WindowsStandalone target not found
Native extension for WebGL target not found
Refreshing native plugins compatible for Editor in 0.21 ms, found 0 plugins.
Preloading 0 native plugins for Editor in 0.00 ms.
Invoked RoslynAnalysisRunner static constructor.
RoslynAnalysisRunner will not be running.
RoslynAnalysisRunner has terminated.
Mono: successfully reloaded assembly
- Completed reload, in  1.046 seconds
Platform modules already initialized, skipping
Refreshing native plugins compatible for Editor in 0.22 ms, found 0 plugins.
Preloading 0 native plugins for Editor in 0.00 ms.
Unloading 1099 Unused Serialized files (Serialized files now loaded: 0)
System memory in use before: 73.4 MB.
System memory in use after: 73.5 MB.

Unloading 5 unused Assets to reduce memory usage. Loaded Objects now: 1636.
Total: 1.917100 ms (FindLiveObjects: 0.170700 ms CreateObjectMapping: 0.039700 ms MarkObjects: 1.634700 ms  DeleteObjects: 0.069500 ms)

========================================================================
Received Prepare
Registering precompiled user dll's ...
Registered in 0.001298 seconds.
Begin MonoManager ReloadAssembly
Native extension for WindowsStandalone target not found
Native extension for WebGL target not found
Refreshing native plugins compatible for Editor in 0.27 ms, found 0 plugins.
Preloading 0 native plugins for Editor in 0.00 ms.
Invoked RoslynAnalysisRunner static constructor.
RoslynAnalysisRunner will not be running.
RoslynAnalysisRunner has terminated.
Mono: successfully reloaded assembly
- Completed reload, in  1.249 seconds
Platform modules already initialized, skipping
Refreshing native plugins compatible for Editor in 0.28 ms, found 0 plugins.
Preloading 0 native plugins for Editor in 0.00 ms.
Unloading 1099 Unused Serialized files (Serialized files now loaded: 0)
System memory in use before: 73.5 MB.
System memory in use after: 73.6 MB.

Unloading 5 unused Assets to reduce memory usage. Loaded Objects now: 1638.
Total: 3.528900 ms (FindLiveObjects: 0.170600 ms CreateObjectMapping: 0.041900 ms MarkObjects: 3.248700 ms  DeleteObjects: 0.066500 ms)

========================================================================
Received Prepare
Registering precompiled user dll's ...
Registered in 0.001200 seconds.
Begin MonoManager ReloadAssembly
Native extension for WindowsStandalone target not found
Native extension for WebGL target not found
Refreshing native plugins compatible for Editor in 0.29 ms, found 0 plugins.
Preloading 0 native plugins for Editor in 0.00 ms.
Invoked RoslynAnalysisRunner static constructor.
RoslynAnalysisRunner will not be running.
RoslynAnalysisRunner has terminated.
Mono: successfully reloaded assembly
- Completed reload, in  1.108 seconds
Platform modules already initialized, skipping
Refreshing native plugins compatible for Editor in 0.21 ms, found 0 plugins.
Preloading 0 native plugins for Editor in 0.00 ms.
Unloading 1099 Unused Serialized files (Serialized files now loaded: 0)
System memory in use before: 72.8 MB.
System memory in use after: 72.8 MB.

Unloading 5 unused Assets to reduce memory usage. Loaded Objects now: 1640.
Total: 3.760500 ms (FindLiveObjects: 0.158200 ms CreateObjectMapping: 0.037900 ms MarkObjects: 3.477700 ms  DeleteObjects: 0.085200 ms)

========================================================================
Received Prepare
Registering precompiled user dll's ...
Registered in 0.027265 seconds.
Begin MonoManager ReloadAssembly
Native extension for WindowsStandalone target not found
Native extension for WebGL target not found
Refreshing native plugins compatible for Editor in 1.55 ms, found 0 plugins.
Preloading 0 native plugins for Editor in 0.00 ms.
Invoked RoslynAnalysisRunner static constructor.
RoslynAnalysisRunner will not be running.
RoslynAnalysisRunner has terminated.
Mono: successfully reloaded assembly
- Completed reload, in  1.132 seconds
Platform modules already initialized, skipping
Refreshing native plugins compatible for Editor in 0.22 ms, found 0 plugins.
Preloading 0 native plugins for Editor in 0.00 ms.
Unloading 1099 Unused Serialized files (Serialized files now loaded: 0)
System memory in use before: 72.9 MB.
System memory in use after: 73.0 MB.

Unloading 5 unused Assets to reduce memory usage. Loaded Objects now: 1642.
Total: 3.160100 ms (FindLiveObjects: 0.156100 ms CreateObjectMapping: 0.039800 ms MarkObjects: 2.888300 ms  DeleteObjects: 0.074200 ms)

AssetImportWorkerClient::OnTransportError - code=2 error=End of file
